Running: /opt/Xilinx/14.7/ISE_DS/ISE/bin/lin64/unwrapped/fuse -intstyle ise -incremental -o /home/komplike/Digital-electronics-1/Labs/06-display_driver/display_driver/driver_tb00_isim_beh.exe -prj /home/komplike/Digital-electronics-1/Labs/06-display_driver/display_driver/driver_tb00_beh.prj work.driver_tb00 
ISim P.20131013 (signature 0xfbc00daa)
Number of CPUs detected in this system: 2
Turning on mult-threading, number of parallel sub-compilation jobs: 4 
Determining compilation order of HDL files
Parsing VHDL file "/home/komplike/Digital-electronics-1/Labs/06-display_driver/display_driver/hex_to_7seg.vhd" into library work
Parsing VHDL file "/home/komplike/Digital-electronics-1/Labs/06-display_driver/display_driver/clock_enable.vhd" into library work
Parsing VHDL file "/home/komplike/Digital-electronics-1/Labs/06-display_driver/display_driver/driver_7seg.vhd" into library work
Parsing VHDL file "/home/komplike/Digital-electronics-1/Labs/06-display_driver/display_driver/driver_tb00.vhd" into library work
Starting static elaboration
Completed static elaboration
Fuse Memory Usage: 97232 KB
Fuse CPU Usage: 2530 ms
Compiling package standard
Compiling package std_logic_1164
Compiling package std_logic_arith
Compiling package std_logic_unsigned
Compiling architecture behavioral of entity clock_enable [\clock_enable(('0','0','0','0','...]
Compiling architecture behavioral of entity hex_to_7seg [hex_to_7seg_default]
Compiling architecture behavioral of entity driver_7seg [driver_7seg_default]
Compiling architecture behavior of entity driver_tb00
Time Resolution for simulation is 1ps.
Waiting for 1 sub-compilation(s) to finish...
Compiled 11 VHDL Units
Built simulation executable /home/komplike/Digital-electronics-1/Labs/06-display_driver/display_driver/driver_tb00_isim_beh.exe
Fuse Memory Usage: 407476 KB
Fuse CPU Usage: 2990 ms
GCC CPU Usage: 1720 ms
