ISim log file
Running: /home/komplike/Digital-electronics-1/Labs/proj_code_lock/code_lock/code_lock_tb_00_isim_beh.exe -intstyle ise -gui -tclbatch isim.cmd -wdb /home/komplike/Digital-electronics-1/Labs/proj_code_lock/code_lock/code_lock_tb_00_isim_beh.wdb 
ISim P.20131013 (signature 0xfbc00daa)
WARNING: A WEBPACK license was found.
WARNING: Please use Xilinx License Configuration Manager to check out a full ISim license.
WARNING: ISim will run in Lite mode. Please refer to the ISim documentation for more information on the differences between the Lite and the Full version.
This is a Lite version of ISim.
Time resolution is 1 ps
# onerror resume
# wave add /
# run 1000 ns
Simulator is doing circuit initialization process.
Finished circuit initialization process.
# restart
# step
Simulator is doing circuit initialization process.
Stopped at time : 0 fs : File "/home/komplike/Digital-electronics-1/Labs/proj_code_lock/code_lock/code_lock_tb_00.vhd" Line 88
# run 1.00us
Finished circuit initialization process.
# run 1.00us
# run 1.00us
# run 1.00us
# run 1.00us
# run 1.00us
# restart
# run 10 ns
Simulator is doing circuit initialization process.
Finished circuit initialization process.
Stopped at time : 5 ns : File "/home/komplike/Digital-electronics-1/Labs/proj_code_lock/code_lock/top.vhd" Line 104
# run 10 ns
Stopped at time : 15 ns : File "/home/komplike/Digital-electronics-1/Labs/proj_code_lock/code_lock/top.vhd" Line 104
# run 10 ns
Stopped at time : 25 ns : File "/home/komplike/Digital-electronics-1/Labs/proj_code_lock/code_lock/top.vhd" Line 104
# run 10 ns
Stopped at time : 35 ns : File "/home/komplike/Digital-electronics-1/Labs/proj_code_lock/code_lock/top.vhd" Line 104
# run 10 ns
Stopped at time : 45 ns : File "/home/komplike/Digital-electronics-1/Labs/proj_code_lock/code_lock/top.vhd" Line 104
# run 10 ns
Stopped at time : 55 ns : File "/home/komplike/Digital-electronics-1/Labs/proj_code_lock/code_lock/top.vhd" Line 104
# run 10 ns
Stopped at time : 65 ns : File "/home/komplike/Digital-electronics-1/Labs/proj_code_lock/code_lock/top.vhd" Line 104
# run 10 ns
Stopped at time : 75 ns : File "/home/komplike/Digital-electronics-1/Labs/proj_code_lock/code_lock/top.vhd" Line 104
# run 10 ns
Stopped at time : 85 ns : File "/home/komplike/Digital-electronics-1/Labs/proj_code_lock/code_lock/top.vhd" Line 104
# run 10 ns
Stopped at time : 95 ns : File "/home/komplike/Digital-electronics-1/Labs/proj_code_lock/code_lock/top.vhd" Line 104
# run 10 ns
Stopped at time : 105 ns : File "/home/komplike/Digital-electronics-1/Labs/proj_code_lock/code_lock/top.vhd" Line 104
# run 10 ns
Stopped at time : 115 ns : File "/home/komplike/Digital-electronics-1/Labs/proj_code_lock/code_lock/top.vhd" Line 104
# run 10 ns
Stopped at time : 125 ns : File "/home/komplike/Digital-electronics-1/Labs/proj_code_lock/code_lock/top.vhd" Line 104
# run 10 ns
Stopped at time : 135 ns : File "/home/komplike/Digital-electronics-1/Labs/proj_code_lock/code_lock/top.vhd" Line 104
# run 10 ns
Stopped at time : 145 ns : File "/home/komplike/Digital-electronics-1/Labs/proj_code_lock/code_lock/top.vhd" Line 104
# run 10 ns
Stopped at time : 155 ns : File "/home/komplike/Digital-electronics-1/Labs/proj_code_lock/code_lock/top.vhd" Line 104
# run 10 ns
Stopped at time : 165 ns : File "/home/komplike/Digital-electronics-1/Labs/proj_code_lock/code_lock/top.vhd" Line 104
# run 10 ns
Stopped at time : 175 ns : File "/home/komplike/Digital-electronics-1/Labs/proj_code_lock/code_lock/top.vhd" Line 104
# run 10 ns
Stopped at time : 185 ns : File "/home/komplike/Digital-electronics-1/Labs/proj_code_lock/code_lock/top.vhd" Line 104
# step
Stopped at time : 185 ns : File "/home/komplike/Digital-electronics-1/Labs/proj_code_lock/code_lock/counter.vhd" Line 27
# step
Stopped at time : 185 ns : File "/home/komplike/Digital-electronics-1/Labs/proj_code_lock/code_lock/counter.vhd" Line 28
# step
Stopped at time : 185 ns : File "/home/komplike/Digital-electronics-1/Labs/proj_code_lock/code_lock/counter.vhd" Line 29
# step
Stopped at time : 185 ns : File "/home/komplike/Digital-electronics-1/Labs/proj_code_lock/code_lock/counter.vhd" Line 30
# step
Stopped at time : 185 ns : File "/home/komplike/Digital-electronics-1/Labs/proj_code_lock/code_lock/counter.vhd" Line 44
# step
Stopped at time : 185 ns : File "/home/komplike/Digital-electronics-1/Labs/proj_code_lock/code_lock/counter.vhd" Line 45
# step
Stopped at time : 185 ns : File "/home/komplike/Digital-electronics-1/Labs/proj_code_lock/code_lock/counter.vhd" Line 52
# step
Stopped at time : 185 ns : File "/home/komplike/Digital-electronics-1/Labs/proj_code_lock/code_lock/counter.vhd" Line 53
# step
Stopped at time : 185 ns : File "/home/komplike/Digital-electronics-1/Labs/proj_code_lock/code_lock/locker.vhd" Line 26
# step
Stopped at time : 185 ns : File "/home/komplike/Digital-electronics-1/Labs/proj_code_lock/code_lock/locker.vhd" Line 27
# step
Stopped at time : 185 ns : File "/home/komplike/Digital-electronics-1/Labs/proj_code_lock/code_lock/locker.vhd" Line 33
# step
Stopped at time : 185 ns : File "/home/komplike/Digital-electronics-1/Labs/proj_code_lock/code_lock/locker.vhd" Line 35
# step
Stopped at time : 190 ns : File "/home/komplike/Digital-electronics-1/Labs/proj_code_lock/code_lock/code_lock_tb_00.vhd" Line 88
# step
Stopped at time : 190 ns : File "/home/komplike/Digital-electronics-1/Labs/proj_code_lock/code_lock/code_lock_tb_00.vhd" Line 89
# step
Stopped at time : 190 ns : File "/home/komplike/Digital-electronics-1/Labs/proj_code_lock/code_lock/top.vhd" Line 46
# step
Stopped at time : 190 ns : File "/home/komplike/Digital-electronics-1/Labs/proj_code_lock/code_lock/top.vhd" Line 103
# step
Stopped at time : 190 ns : File "/home/komplike/Digital-electronics-1/Labs/proj_code_lock/code_lock/counter.vhd" Line 27
# step
Stopped at time : 190 ns : File "/home/komplike/Digital-electronics-1/Labs/proj_code_lock/code_lock/counter.vhd" Line 44
# step
Stopped at time : 190 ns : File "/home/komplike/Digital-electronics-1/Labs/proj_code_lock/code_lock/locker.vhd" Line 26
# step
Stopped at time : 195 ns : File "/home/komplike/Digital-electronics-1/Labs/proj_code_lock/code_lock/code_lock_tb_00.vhd" Line 90
# step
Stopped at time : 195 ns : File "/home/komplike/Digital-electronics-1/Labs/proj_code_lock/code_lock/code_lock_tb_00.vhd" Line 91
# step
Stopped at time : 195 ns : File "/home/komplike/Digital-electronics-1/Labs/proj_code_lock/code_lock/top.vhd" Line 46
# step
Stopped at time : 195 ns : File "/home/komplike/Digital-electronics-1/Labs/proj_code_lock/code_lock/top.vhd" Line 47
# step
Stopped at time : 195 ns : File "/home/komplike/Digital-electronics-1/Labs/proj_code_lock/code_lock/top.vhd" Line 48
# step
Stopped at time : 195 ns : File "/home/komplike/Digital-electronics-1/Labs/proj_code_lock/code_lock/top.vhd" Line 49
# step
Stopped at time : 195 ns : File "/home/komplike/Digital-electronics-1/Labs/proj_code_lock/code_lock/top.vhd" Line 50
# step
Stopped at time : 195 ns : File "/home/komplike/Digital-electronics-1/Labs/proj_code_lock/code_lock/top.vhd" Line 51
# step
Stopped at time : 195 ns : File "/home/komplike/Digital-electronics-1/Labs/proj_code_lock/code_lock/top.vhd" Line 52
# step
Stopped at time : 195 ns : File "/home/komplike/Digital-electronics-1/Labs/proj_code_lock/code_lock/top.vhd" Line 53
# step
Stopped at time : 195 ns : File "/home/komplike/Digital-electronics-1/Labs/proj_code_lock/code_lock/top.vhd" Line 54
# step
Stopped at time : 195 ns : File "/home/komplike/Digital-electronics-1/Labs/proj_code_lock/code_lock/top.vhd" Line 55
# step
Stopped at time : 195 ns : File "/home/komplike/Digital-electronics-1/Labs/proj_code_lock/code_lock/top.vhd" Line 56
# step
Stopped at time : 195 ns : File "/home/komplike/Digital-electronics-1/Labs/proj_code_lock/code_lock/top.vhd" Line 57
# step
Stopped at time : 195 ns : File "/home/komplike/Digital-electronics-1/Labs/proj_code_lock/code_lock/top.vhd" Line 58
# step
Stopped at time : 195 ns : File "/home/komplike/Digital-electronics-1/Labs/proj_code_lock/code_lock/top.vhd" Line 59
# step
Stopped at time : 195 ns : File "/home/komplike/Digital-electronics-1/Labs/proj_code_lock/code_lock/top.vhd" Line 96
# step
Stopped at time : 195 ns : File "/home/komplike/Digital-electronics-1/Labs/proj_code_lock/code_lock/top.vhd" Line 103
# step
Stopped at time : 195 ns : File "/home/komplike/Digital-electronics-1/Labs/proj_code_lock/code_lock/top.vhd" Line 104
# restart
# run 10 ns
Simulator is doing circuit initialization process.
Finished circuit initialization process.
Stopped at time : 5 ns : File "/home/komplike/Digital-electronics-1/Labs/proj_code_lock/code_lock/top.vhd" Line 104
# run 10 ns
Stopped at time : 15 ns : File "/home/komplike/Digital-electronics-1/Labs/proj_code_lock/code_lock/top.vhd" Line 104
# run 10 ns
Stopped at time : 25 ns : File "/home/komplike/Digital-electronics-1/Labs/proj_code_lock/code_lock/top.vhd" Line 104
# run 10 ns
Stopped at time : 35 ns : File "/home/komplike/Digital-electronics-1/Labs/proj_code_lock/code_lock/top.vhd" Line 104
# run 10 ns
Stopped at time : 45 ns : File "/home/komplike/Digital-electronics-1/Labs/proj_code_lock/code_lock/top.vhd" Line 104
# run 10 ns
Stopped at time : 55 ns : File "/home/komplike/Digital-electronics-1/Labs/proj_code_lock/code_lock/top.vhd" Line 104
# run 10 ns
Stopped at time : 65 ns : File "/home/komplike/Digital-electronics-1/Labs/proj_code_lock/code_lock/top.vhd" Line 104
# run 10 ns
Stopped at time : 75 ns : File "/home/komplike/Digital-electronics-1/Labs/proj_code_lock/code_lock/top.vhd" Line 104
# run 10 ns
Stopped at time : 85 ns : File "/home/komplike/Digital-electronics-1/Labs/proj_code_lock/code_lock/top.vhd" Line 104
# run 10 ns
Stopped at time : 95 ns : File "/home/komplike/Digital-electronics-1/Labs/proj_code_lock/code_lock/top.vhd" Line 104
# run 10 ns
Stopped at time : 105 ns : File "/home/komplike/Digital-electronics-1/Labs/proj_code_lock/code_lock/top.vhd" Line 104
# run 10 ns
Stopped at time : 115 ns : File "/home/komplike/Digital-electronics-1/Labs/proj_code_lock/code_lock/top.vhd" Line 104
# run 10 ns
Stopped at time : 125 ns : File "/home/komplike/Digital-electronics-1/Labs/proj_code_lock/code_lock/top.vhd" Line 104
# run 10 ns
Stopped at time : 135 ns : File "/home/komplike/Digital-electronics-1/Labs/proj_code_lock/code_lock/top.vhd" Line 104
# run 10 ns
Stopped at time : 145 ns : File "/home/komplike/Digital-electronics-1/Labs/proj_code_lock/code_lock/top.vhd" Line 104
# run 10 ns
Stopped at time : 155 ns : File "/home/komplike/Digital-electronics-1/Labs/proj_code_lock/code_lock/top.vhd" Line 104
# run 10 ns
Stopped at time : 165 ns : File "/home/komplike/Digital-electronics-1/Labs/proj_code_lock/code_lock/top.vhd" Line 104
# run 10 ns
Stopped at time : 175 ns : File "/home/komplike/Digital-electronics-1/Labs/proj_code_lock/code_lock/top.vhd" Line 104
# run 10 ns
Stopped at time : 185 ns : File "/home/komplike/Digital-electronics-1/Labs/proj_code_lock/code_lock/top.vhd" Line 104
# run 10 ns
Stopped at time : 195 ns : File "/home/komplike/Digital-electronics-1/Labs/proj_code_lock/code_lock/top.vhd" Line 104
# run 10 ns
Stopped at time : 205 ns : File "/home/komplike/Digital-electronics-1/Labs/proj_code_lock/code_lock/top.vhd" Line 104
# run 10 ns
Stopped at time : 215 ns : File "/home/komplike/Digital-electronics-1/Labs/proj_code_lock/code_lock/top.vhd" Line 104
# run 10 ns
Stopped at time : 225 ns : File "/home/komplike/Digital-electronics-1/Labs/proj_code_lock/code_lock/top.vhd" Line 104
# run 10 ns
Stopped at time : 235 ns : File "/home/komplike/Digital-electronics-1/Labs/proj_code_lock/code_lock/top.vhd" Line 104
# run 10 ns
Stopped at time : 245 ns : File "/home/komplike/Digital-electronics-1/Labs/proj_code_lock/code_lock/top.vhd" Line 104
# run 10 ns
Stopped at time : 255 ns : File "/home/komplike/Digital-electronics-1/Labs/proj_code_lock/code_lock/top.vhd" Line 104
# step
Stopped at time : 255 ns : File "/home/komplike/Digital-electronics-1/Labs/proj_code_lock/code_lock/counter.vhd" Line 27
# step
Stopped at time : 255 ns : File "/home/komplike/Digital-electronics-1/Labs/proj_code_lock/code_lock/counter.vhd" Line 28
# step
Stopped at time : 255 ns : File "/home/komplike/Digital-electronics-1/Labs/proj_code_lock/code_lock/counter.vhd" Line 29
# step
Stopped at time : 255 ns : File "/home/komplike/Digital-electronics-1/Labs/proj_code_lock/code_lock/counter.vhd" Line 30
# step
Stopped at time : 255 ns : File "/home/komplike/Digital-electronics-1/Labs/proj_code_lock/code_lock/counter.vhd" Line 44
# step
Stopped at time : 255 ns : File "/home/komplike/Digital-electronics-1/Labs/proj_code_lock/code_lock/counter.vhd" Line 45
# step
Stopped at time : 255 ns : File "/home/komplike/Digital-electronics-1/Labs/proj_code_lock/code_lock/counter.vhd" Line 52
# step
Stopped at time : 255 ns : File "/home/komplike/Digital-electronics-1/Labs/proj_code_lock/code_lock/counter.vhd" Line 53
# step
Stopped at time : 255 ns : File "/home/komplike/Digital-electronics-1/Labs/proj_code_lock/code_lock/locker.vhd" Line 26
# step
Stopped at time : 255 ns : File "/home/komplike/Digital-electronics-1/Labs/proj_code_lock/code_lock/locker.vhd" Line 27
# step
Stopped at time : 255 ns : File "/home/komplike/Digital-electronics-1/Labs/proj_code_lock/code_lock/locker.vhd" Line 33
# step
Stopped at time : 255 ns : File "/home/komplike/Digital-electronics-1/Labs/proj_code_lock/code_lock/locker.vhd" Line 35
# step
Stopped at time : 260 ns : File "/home/komplike/Digital-electronics-1/Labs/proj_code_lock/code_lock/code_lock_tb_00.vhd" Line 88
# step
Stopped at time : 260 ns : File "/home/komplike/Digital-electronics-1/Labs/proj_code_lock/code_lock/code_lock_tb_00.vhd" Line 89
# step
Stopped at time : 260 ns : File "/home/komplike/Digital-electronics-1/Labs/proj_code_lock/code_lock/top.vhd" Line 46
# step
Stopped at time : 260 ns : File "/home/komplike/Digital-electronics-1/Labs/proj_code_lock/code_lock/top.vhd" Line 103
# step
Stopped at time : 260 ns : File "/home/komplike/Digital-electronics-1/Labs/proj_code_lock/code_lock/counter.vhd" Line 27
# step
Stopped at time : 260 ns : File "/home/komplike/Digital-electronics-1/Labs/proj_code_lock/code_lock/counter.vhd" Line 44
# step
Stopped at time : 260 ns : File "/home/komplike/Digital-electronics-1/Labs/proj_code_lock/code_lock/locker.vhd" Line 26
# step
Stopped at time : 265 ns : File "/home/komplike/Digital-electronics-1/Labs/proj_code_lock/code_lock/code_lock_tb_00.vhd" Line 90
# step
Stopped at time : 265 ns : File "/home/komplike/Digital-electronics-1/Labs/proj_code_lock/code_lock/code_lock_tb_00.vhd" Line 91
# step
Stopped at time : 265 ns : File "/home/komplike/Digital-electronics-1/Labs/proj_code_lock/code_lock/top.vhd" Line 46
# step
Stopped at time : 265 ns : File "/home/komplike/Digital-electronics-1/Labs/proj_code_lock/code_lock/top.vhd" Line 47
# step
Stopped at time : 265 ns : File "/home/komplike/Digital-electronics-1/Labs/proj_code_lock/code_lock/top.vhd" Line 48
# step
Stopped at time : 265 ns : File "/home/komplike/Digital-electronics-1/Labs/proj_code_lock/code_lock/top.vhd" Line 49
# step
Stopped at time : 265 ns : File "/home/komplike/Digital-electronics-1/Labs/proj_code_lock/code_lock/top.vhd" Line 50
# step
Stopped at time : 265 ns : File "/home/komplike/Digital-electronics-1/Labs/proj_code_lock/code_lock/top.vhd" Line 51
# step
Stopped at time : 265 ns : File "/home/komplike/Digital-electronics-1/Labs/proj_code_lock/code_lock/top.vhd" Line 52
# step
Stopped at time : 265 ns : File "/home/komplike/Digital-electronics-1/Labs/proj_code_lock/code_lock/top.vhd" Line 53
# step
Stopped at time : 265 ns : File "/home/komplike/Digital-electronics-1/Labs/proj_code_lock/code_lock/top.vhd" Line 54
# step
Stopped at time : 265 ns : File "/home/komplike/Digital-electronics-1/Labs/proj_code_lock/code_lock/top.vhd" Line 55
# step
Stopped at time : 265 ns : File "/home/komplike/Digital-electronics-1/Labs/proj_code_lock/code_lock/top.vhd" Line 56
# step
Stopped at time : 265 ns : File "/home/komplike/Digital-electronics-1/Labs/proj_code_lock/code_lock/top.vhd" Line 57
# step
Stopped at time : 265 ns : File "/home/komplike/Digital-electronics-1/Labs/proj_code_lock/code_lock/top.vhd" Line 58
# step
Stopped at time : 265 ns : File "/home/komplike/Digital-electronics-1/Labs/proj_code_lock/code_lock/top.vhd" Line 59
# step
Stopped at time : 265 ns : File "/home/komplike/Digital-electronics-1/Labs/proj_code_lock/code_lock/top.vhd" Line 96
# step
Stopped at time : 265 ns : File "/home/komplike/Digital-electronics-1/Labs/proj_code_lock/code_lock/top.vhd" Line 103
# step
Stopped at time : 265 ns : File "/home/komplike/Digital-electronics-1/Labs/proj_code_lock/code_lock/top.vhd" Line 104
# step
Stopped at time : 265 ns : File "/home/komplike/Digital-electronics-1/Labs/proj_code_lock/code_lock/counter.vhd" Line 27
# step
Stopped at time : 265 ns : File "/home/komplike/Digital-electronics-1/Labs/proj_code_lock/code_lock/counter.vhd" Line 28
# step
Stopped at time : 265 ns : File "/home/komplike/Digital-electronics-1/Labs/proj_code_lock/code_lock/counter.vhd" Line 29
# step
Stopped at time : 265 ns : File "/home/komplike/Digital-electronics-1/Labs/proj_code_lock/code_lock/counter.vhd" Line 30
# step
Stopped at time : 265 ns : File "/home/komplike/Digital-electronics-1/Labs/proj_code_lock/code_lock/counter.vhd" Line 44
# step
Stopped at time : 265 ns : File "/home/komplike/Digital-electronics-1/Labs/proj_code_lock/code_lock/counter.vhd" Line 45
# step
Stopped at time : 265 ns : File "/home/komplike/Digital-electronics-1/Labs/proj_code_lock/code_lock/counter.vhd" Line 52
# step
Stopped at time : 265 ns : File "/home/komplike/Digital-electronics-1/Labs/proj_code_lock/code_lock/counter.vhd" Line 53
# step
Stopped at time : 265 ns : File "/home/komplike/Digital-electronics-1/Labs/proj_code_lock/code_lock/locker.vhd" Line 26
# step
Stopped at time : 265 ns : File "/home/komplike/Digital-electronics-1/Labs/proj_code_lock/code_lock/locker.vhd" Line 27
# step
Stopped at time : 265 ns : File "/home/komplike/Digital-electronics-1/Labs/proj_code_lock/code_lock/locker.vhd" Line 33
# step
Stopped at time : 265 ns : File "/home/komplike/Digital-electronics-1/Labs/proj_code_lock/code_lock/locker.vhd" Line 35
# step
Stopped at time : 270 ns : File "/home/komplike/Digital-electronics-1/Labs/proj_code_lock/code_lock/code_lock_tb_00.vhd" Line 88
# step
Stopped at time : 270 ns : File "/home/komplike/Digital-electronics-1/Labs/proj_code_lock/code_lock/code_lock_tb_00.vhd" Line 89
# step
Stopped at time : 270 ns : File "/home/komplike/Digital-electronics-1/Labs/proj_code_lock/code_lock/top.vhd" Line 46
# step
Stopped at time : 270 ns : File "/home/komplike/Digital-electronics-1/Labs/proj_code_lock/code_lock/top.vhd" Line 103
# step
Stopped at time : 270 ns : File "/home/komplike/Digital-electronics-1/Labs/proj_code_lock/code_lock/counter.vhd" Line 27
# step
Stopped at time : 270 ns : File "/home/komplike/Digital-electronics-1/Labs/proj_code_lock/code_lock/counter.vhd" Line 44
# step
Stopped at time : 270 ns : File "/home/komplike/Digital-electronics-1/Labs/proj_code_lock/code_lock/locker.vhd" Line 26
# step
Stopped at time : 275 ns : File "/home/komplike/Digital-electronics-1/Labs/proj_code_lock/code_lock/code_lock_tb_00.vhd" Line 90
# step
Stopped at time : 275 ns : File "/home/komplike/Digital-electronics-1/Labs/proj_code_lock/code_lock/code_lock_tb_00.vhd" Line 91
# step
Stopped at time : 275 ns : File "/home/komplike/Digital-electronics-1/Labs/proj_code_lock/code_lock/top.vhd" Line 46
# step
Stopped at time : 275 ns : File "/home/komplike/Digital-electronics-1/Labs/proj_code_lock/code_lock/top.vhd" Line 47
# step
Stopped at time : 275 ns : File "/home/komplike/Digital-electronics-1/Labs/proj_code_lock/code_lock/top.vhd" Line 48
# step
Stopped at time : 275 ns : File "/home/komplike/Digital-electronics-1/Labs/proj_code_lock/code_lock/top.vhd" Line 49
# step
Stopped at time : 275 ns : File "/home/komplike/Digital-electronics-1/Labs/proj_code_lock/code_lock/top.vhd" Line 50
# step
Stopped at time : 275 ns : File "/home/komplike/Digital-electronics-1/Labs/proj_code_lock/code_lock/top.vhd" Line 51
# step
Stopped at time : 275 ns : File "/home/komplike/Digital-electronics-1/Labs/proj_code_lock/code_lock/top.vhd" Line 52
# step
Stopped at time : 275 ns : File "/home/komplike/Digital-electronics-1/Labs/proj_code_lock/code_lock/top.vhd" Line 53
# step
Stopped at time : 275 ns : File "/home/komplike/Digital-electronics-1/Labs/proj_code_lock/code_lock/top.vhd" Line 54
# step
Stopped at time : 275 ns : File "/home/komplike/Digital-electronics-1/Labs/proj_code_lock/code_lock/top.vhd" Line 55
# step
Stopped at time : 275 ns : File "/home/komplike/Digital-electronics-1/Labs/proj_code_lock/code_lock/top.vhd" Line 56
# step
Stopped at time : 275 ns : File "/home/komplike/Digital-electronics-1/Labs/proj_code_lock/code_lock/top.vhd" Line 57
# step
Stopped at time : 275 ns : File "/home/komplike/Digital-electronics-1/Labs/proj_code_lock/code_lock/top.vhd" Line 58
# step
Stopped at time : 275 ns : File "/home/komplike/Digital-electronics-1/Labs/proj_code_lock/code_lock/top.vhd" Line 59
# step
Stopped at time : 275 ns : File "/home/komplike/Digital-electronics-1/Labs/proj_code_lock/code_lock/top.vhd" Line 96
# step
Stopped at time : 275 ns : File "/home/komplike/Digital-electronics-1/Labs/proj_code_lock/code_lock/top.vhd" Line 103
# step
Stopped at time : 275 ns : File "/home/komplike/Digital-electronics-1/Labs/proj_code_lock/code_lock/top.vhd" Line 104
# step
Stopped at time : 275 ns : File "/home/komplike/Digital-electronics-1/Labs/proj_code_lock/code_lock/counter.vhd" Line 27
# step
Stopped at time : 275 ns : File "/home/komplike/Digital-electronics-1/Labs/proj_code_lock/code_lock/counter.vhd" Line 28
# step
Stopped at time : 275 ns : File "/home/komplike/Digital-electronics-1/Labs/proj_code_lock/code_lock/counter.vhd" Line 29
# step
Stopped at time : 275 ns : File "/home/komplike/Digital-electronics-1/Labs/proj_code_lock/code_lock/counter.vhd" Line 30
# step
Stopped at time : 275 ns : File "/home/komplike/Digital-electronics-1/Labs/proj_code_lock/code_lock/counter.vhd" Line 44
# step
Stopped at time : 275 ns : File "/home/komplike/Digital-electronics-1/Labs/proj_code_lock/code_lock/counter.vhd" Line 45
# step
Stopped at time : 275 ns : File "/home/komplike/Digital-electronics-1/Labs/proj_code_lock/code_lock/counter.vhd" Line 52
# step
Stopped at time : 275 ns : File "/home/komplike/Digital-electronics-1/Labs/proj_code_lock/code_lock/counter.vhd" Line 53
# step
Stopped at time : 275 ns : File "/home/komplike/Digital-electronics-1/Labs/proj_code_lock/code_lock/locker.vhd" Line 26
# step
Stopped at time : 275 ns : File "/home/komplike/Digital-electronics-1/Labs/proj_code_lock/code_lock/locker.vhd" Line 27
# step
Stopped at time : 275 ns : File "/home/komplike/Digital-electronics-1/Labs/proj_code_lock/code_lock/locker.vhd" Line 33
# step
Stopped at time : 275 ns : File "/home/komplike/Digital-electronics-1/Labs/proj_code_lock/code_lock/locker.vhd" Line 35
# step
Stopped at time : 280 ns : File "/home/komplike/Digital-electronics-1/Labs/proj_code_lock/code_lock/code_lock_tb_00.vhd" Line 88
# step
Stopped at time : 280 ns : File "/home/komplike/Digital-electronics-1/Labs/proj_code_lock/code_lock/code_lock_tb_00.vhd" Line 89
# step
Stopped at time : 280 ns : File "/home/komplike/Digital-electronics-1/Labs/proj_code_lock/code_lock/top.vhd" Line 46
# step
Stopped at time : 280 ns : File "/home/komplike/Digital-electronics-1/Labs/proj_code_lock/code_lock/top.vhd" Line 103
# step
Stopped at time : 280 ns : File "/home/komplike/Digital-electronics-1/Labs/proj_code_lock/code_lock/counter.vhd" Line 27
# step
Stopped at time : 280 ns : File "/home/komplike/Digital-electronics-1/Labs/proj_code_lock/code_lock/counter.vhd" Line 44
# step
Stopped at time : 280 ns : File "/home/komplike/Digital-electronics-1/Labs/proj_code_lock/code_lock/locker.vhd" Line 26
# step
Stopped at time : 285 ns : File "/home/komplike/Digital-electronics-1/Labs/proj_code_lock/code_lock/code_lock_tb_00.vhd" Line 90
# step
Stopped at time : 285 ns : File "/home/komplike/Digital-electronics-1/Labs/proj_code_lock/code_lock/code_lock_tb_00.vhd" Line 91
# step
Stopped at time : 285 ns : File "/home/komplike/Digital-electronics-1/Labs/proj_code_lock/code_lock/top.vhd" Line 46
# restart
