Running: /opt/Xilinx/14.7/ISE_DS/ISE/bin/lin64/unwrapped/fuse -intstyle ise -incremental -o /home/komplike/Digital-electronics-1/Labs/08-traffic_lights/traffic_lights/traffic_lights_tb0_isim_beh.exe -prj /home/komplike/Digital-electronics-1/Labs/08-traffic_lights/traffic_lights/traffic_lights_tb0_beh.prj work.traffic_lights_tb0 
ISim P.20131013 (signature 0xfbc00daa)
Number of CPUs detected in this system: 2
Turning on mult-threading, number of parallel sub-compilation jobs: 4 
Determining compilation order of HDL files
Parsing VHDL file "/home/komplike/Digital-electronics-1/Labs/08-traffic_lights/traffic_lights/traffic_lights.vhd" into library work
Parsing VHDL file "/home/komplike/Digital-electronics-1/Labs/08-traffic_lights/traffic_lights/traffic_lights_tb0.vhd" into library work
Starting static elaboration
Completed static elaboration
Fuse Memory Usage: 98912 KB
Fuse CPU Usage: 2340 ms
Compiling package standard
Compiling package std_logic_1164
Compiling package numeric_std
Compiling package std_logic_arith
Compiling package std_logic_unsigned
Compiling architecture behavioral of entity traffic_lights [traffic_lights_default]
Compiling architecture behavioral of entity traffic_lights_tb0
Time Resolution for simulation is 1ps.
Compiled 8 VHDL Units
Built simulation executable /home/komplike/Digital-electronics-1/Labs/08-traffic_lights/traffic_lights/traffic_lights_tb0_isim_beh.exe
Fuse Memory Usage: 412596 KB
Fuse CPU Usage: 2860 ms
GCC CPU Usage: 630 ms
